inc/arcturus_Cijk_Alik_Bljk_SB.yaml
('numCu: ', 120)
('multiplier: ', 4)
('peakGFlops:', 33392)
38.967
('numCu: ', 120)
('multiplier: ', 4)
('peakGFlops:', 33392)
40.138
('numCu: ', 120)
('multiplier: ', 4)
('peakGFlops:', 33392)
41.025
('numCu: ', 120)
('multiplier: ', 4)
('peakGFlops:', 33392)
38.599
('numCu: ', 120)
('multiplier: ', 4)
('peakGFlops:', 33392)
41.282
('numCu: ', 120)
('multiplier: ', 4)
('peakGFlops:', 33392)
41.342
('numCu: ', 120)
('multiplier: ', 4)
('peakGFlops:', 33392)
36.278
('numCu: ', 120)
('multiplier: ', 4)
('peakGFlops:', 33392)
30.04
('numCu: ', 120)
('multiplier: ', 4)
('peakGFlops:', 33392)
33.538
('numCu: ', 120)
('multiplier: ', 4)
('peakGFlops:', 33392)
28.456
('numCu: ', 120)
('multiplier: ', 4)
('peakGFlops:', 33392)
34.673
('numCu: ', 120)
('multiplier: ', 4)
('peakGFlops:', 33392)
34.637
('numCu: ', 120)
('multiplier: ', 4)
('peakGFlops:', 33392)
48.673
('numCu: ', 120)
('multiplier: ', 4)
('peakGFlops:', 33392)
52.686
('numCu: ', 120)
('multiplier: ', 4)
('peakGFlops:', 33392)
51.012
('numCu: ', 120)
('multiplier: ', 4)
('peakGFlops:', 33392)
52.743
('numCu: ', 120)
('multiplier: ', 4)
('peakGFlops:', 33392)
53.588
('numCu: ', 120)
('multiplier: ', 4)
('peakGFlops:', 33392)
53.621
('numCu: ', 120)
('multiplier: ', 4)
('peakGFlops:', 33392)
43.963
('numCu: ', 120)
('multiplier: ', 4)
('peakGFlops:', 33392)
45.9
('numCu: ', 120)
('multiplier: ', 4)
('peakGFlops:', 33392)
41.932
('numCu: ', 120)
('multiplier: ', 4)
('peakGFlops:', 33392)
47.604
('numCu: ', 120)
('multiplier: ', 4)
('peakGFlops:', 33392)
36.329
('numCu: ', 120)
('multiplier: ', 4)
('peakGFlops:', 33392)
40.971
